{
  "RSpec": {
    "coverage": {
      "/Users/guilherme/Documents/desafio-ninja/spec/models/rooms_spec.rb": {
        "lines": [
          null,
          null,
          1,
          null,
          1,
          2,
          null,
          2,
          null,
          2,
          null
        ]
      },
      "/Users/guilherme/Documents/desafio-ninja/spec/rails_helper.rb": {
        "lines": [
          null,
          null,
          null,
          1,
          1,
          1,
          null,
          1,
          1,
          null,
          null,
          2,
          null,
          null,
          null,
          null,
          null,
          null,
          null,
          null,
          null,
          null,
          null,
          null,
          null,
          null,
          null,
          null,
          null,
          null,
          null,
          1,
          null,
          0,
          0,
          null,
          1,
          null,
          1,
          null,
          null,
          null,
          null,
          1,
          null,
          null,
          null,
          null,
          null,
          null,
          null,
          null,
          null,
          null,
          null,
          null,
          null,
          null,
          null,
          null,
          null,
          1,
          null,
          null,
          1,
          null,
          null,
          1,
          1,
          1,
          1,
          null,
          null,
          null
        ]
      },
      "/Users/guilherme/Documents/desafio-ninja/config/environment.rb": {
        "lines": [
          null,
          null,
          null,
          1,
          null,
          null,
          1
        ]
      },
      "/Users/guilherme/Documents/desafio-ninja/config/application.rb": {
        "lines": [
          null,
          null,
          1,
          null,
          1,
          null,
          1,
          1,
          1,
          1,
          1,
          1,
          1,
          1,
          1,
          1,
          null,
          null,
          null,
          null,
          null,
          1,
          null,
          1,
          1,
          null,
          1,
          1,
          null,
          null,
          null,
          null,
          null,
          null,
          null,
          null,
          null,
          null,
          null,
          null,
          1,
          null,
          null
        ]
      },
      "/Users/guilherme/Documents/desafio-ninja/config/boot.rb": {
        "lines": [
          null,
          null,
          1,
          null,
          1,
          1
        ]
      },
      "/Users/guilherme/Documents/desafio-ninja/config/environments/test.rb": {
        "lines": [
          null,
          null,
          1,
          null,
          null,
          null,
          null,
          null,
          null,
          1,
          null,
          null,
          1,
          1,
          null,
          null,
          null,
          null,
          1,
          null,
          null,
          1,
          1,
          null,
          null,
          null,
          null,
          1,
          1,
          1,
          null,
          null,
          1,
          null,
          null,
          1,
          null,
          null,
          1,
          null,
          1,
          null,
          null,
          null,
          null,
          1,
          null,
          null,
          1,
          null,
          null,
          1,
          null,
          null,
          1,
          null,
          null,
          null,
          null,
          null,
          null,
          null
        ]
      },
      "/Users/guilherme/Documents/desafio-ninja/config/initializers/application_controller_renderer.rb": {
        "lines": [
          null,
          null,
          null,
          null,
          null,
          null,
          null,
          null,
          null
        ]
      },
      "/Users/guilherme/Documents/desafio-ninja/config/initializers/backtrace_silencers.rb": {
        "lines": [
          null,
          null,
          null,
          null,
          null,
          null,
          null,
          null,
          null,
          1
        ]
      },
      "/Users/guilherme/Documents/desafio-ninja/config/initializers/cors.rb": {
        "lines": [
          null,
          null,
          null,
          null,
          null,
          null,
          null,
          null,
          null,
          null,
          null,
          null,
          null,
          null,
          null,
          null,
          null
        ]
      },
      "/Users/guilherme/Documents/desafio-ninja/config/initializers/filter_parameter_logging.rb": {
        "lines": [
          null,
          null,
          null,
          null,
          null,
          1,
          null,
          null
        ]
      },
      "/Users/guilherme/Documents/desafio-ninja/config/initializers/inflections.rb": {
        "lines": [
          null,
          null,
          null,
          null,
          null,
          null,
          null,
          null,
          null,
          null,
          null,
          null,
          null,
          null,
          null,
          null,
          null
        ]
      },
      "/Users/guilherme/Documents/desafio-ninja/config/initializers/mime_types.rb": {
        "lines": [
          null,
          null,
          null,
          null,
          null
        ]
      },
      "/Users/guilherme/Documents/desafio-ninja/config/initializers/wrap_parameters.rb": {
        "lines": [
          null,
          null,
          null,
          null,
          null,
          null,
          null,
          null,
          1,
          1,
          null,
          null,
          null,
          null,
          null,
          null
        ]
      },
      "/Users/guilherme/Documents/desafio-ninja/spec/factories/rooms.rb": {
        "lines": [
          null,
          null,
          1,
          1,
          9,
          11,
          null,
          null
        ]
      },
      "/Users/guilherme/Documents/desafio-ninja/spec/factories/schedules.rb": {
        "lines": [
          null,
          null,
          1,
          1,
          1,
          1,
          1,
          null,
          null,
          null,
          1,
          0,
          null
        ]
      },
      "/Users/guilherme/Documents/desafio-ninja/config/routes.rb": {
        "lines": [
          null,
          null,
          1,
          1,
          1,
          1,
          null,
          null,
          null,
          1,
          null
        ]
      },
      "/Users/guilherme/Documents/desafio-ninja/spec/support/factory_bot.rb": {
        "lines": [
          null,
          null,
          1,
          1,
          null
        ]
      },
      "/Users/guilherme/Documents/desafio-ninja/app/models/room.rb": {
        "lines": [
          null,
          null,
          1,
          1,
          1,
          null,
          1,
          0,
          null,
          null,
          null,
          null,
          null,
          null
        ]
      },
      "/Users/guilherme/Documents/desafio-ninja/app/models/application_record.rb": {
        "lines": [
          null,
          null,
          1,
          1,
          null
        ]
      },
      "/Users/guilherme/Documents/desafio-ninja/spec/models/schedule_day_spec.rb": {
        "lines": [
          null,
          null,
          1,
          1,
          3,
          3,
          null,
          null,
          1,
          1,
          2,
          2,
          null,
          2,
          null,
          1,
          2,
          2,
          null,
          2,
          null,
          1,
          2,
          2,
          null,
          2,
          null,
          null,
          null
        ]
      },
      "/Users/guilherme/Documents/desafio-ninja/spec/models/schedule_room_spec.rb": {
        "lines": [
          null,
          null,
          1,
          null,
          1,
          1,
          3,
          3,
          1,
          0,
          null,
          null,
          null,
          null,
          1,
          4,
          null,
          null,
          1,
          1,
          2,
          2,
          2,
          null,
          2,
          null,
          1,
          2,
          2,
          2,
          null,
          2,
          null,
          1,
          2,
          2,
          2,
          null,
          2,
          null,
          1,
          2,
          2,
          2,
          2,
          null,
          null,
          null,
          null
        ]
      },
      "/Users/guilherme/Documents/desafio-ninja/app/models/schedule.rb": {
        "lines": [
          null,
          null,
          1,
          1,
          1,
          1,
          null,
          1,
          null,
          1,
          12,
          null,
          null,
          null,
          null,
          8,
          null,
          null,
          1,
          4,
          null,
          null,
          null,
          null,
          null,
          1,
          12,
          null,
          null,
          null,
          1,
          7,
          null,
          null,
          1,
          5,
          null,
          null,
          null
        ]
      },
      "/Users/guilherme/Documents/desafio-ninja/spec/models/schedule_time_spec.rb": {
        "lines": [
          null,
          null,
          1,
          null,
          1,
          1,
          1,
          5,
          5,
          null,
          null,
          1,
          1,
          2,
          2,
          null,
          2,
          null,
          1,
          2,
          2,
          null,
          2,
          null,
          1,
          2,
          2,
          null,
          2,
          null,
          1,
          2,
          2,
          null,
          2,
          null,
          1,
          2,
          2,
          null,
          2,
          null,
          null,
          null,
          null
        ]
      }
    },
    "timestamp": 1643032624
  }
}
